-------------------------------------------------------------------------------
Test set: com.xiaotu.mybatisplus.MybatisPlusTest
-------------------------------------------------------------------------------
Tests run: 1, Failures: 1, Errors: 0, Skipped: 0, Time elapsed: 0.002 sec <<< FAILURE!
com.xiaotu.mybatisplus.MybatisPlusTest.testSelectList()  Time elapsed: 0.001 sec  <<< FAILURE!
java.lang.NullPointerException
	at com.xiaotu.mybatisplus.MybatisPlusTest.testSelectList(MybatisPlusTest.java:16)

